  cColectivo.cpp
C:\Users\farja\OneDrive - Universidad Favaloro\Escritorio\Lab Programacion\Parcialito\ParcialTransporte2\Transportando\cPersona.h(6,9): error C3646: 'nombre': unknown override specifier
C:\Users\farja\OneDrive - Universidad Favaloro\Escritorio\Lab Programacion\Parcialito\ParcialTransporte2\Transportando\cPersona.h(6,15): error C4430: missing type specifier - int assumed. Note: C++ does not support default-int
C:\Users\farja\OneDrive - Universidad Favaloro\Escritorio\Lab Programacion\Parcialito\ParcialTransporte2\Transportando\cPersona.h(12,11): error C2061: syntax error: identifier 'string'
C:\Users\farja\OneDrive - Universidad Favaloro\Escritorio\Lab Programacion\Parcialito\ParcialTransporte2\Transportando\cPersona.h(13,9): error C3646: 'get_nombre': unknown override specifier
C:\Users\farja\OneDrive - Universidad Favaloro\Escritorio\Lab Programacion\Parcialito\ParcialTransporte2\Transportando\cPersona.h(13,19): error C2059: syntax error: '('
C:\Users\farja\OneDrive - Universidad Favaloro\Escritorio\Lab Programacion\Parcialito\ParcialTransporte2\Transportando\cPersona.h(13,21): error C2238: unexpected token(s) preceding ';'
C:\Users\farja\OneDrive - Universidad Favaloro\Escritorio\Lab Programacion\Parcialito\ParcialTransporte2\Transportando\cPersona.h(16,16): error C2143: syntax error: missing ';' before '&'
C:\Users\farja\OneDrive - Universidad Favaloro\Escritorio\Lab Programacion\Parcialito\ParcialTransporte2\Transportando\cPersona.h(16,16): error C2433: 'ostream': 'friend' not permitted on data declarations
C:\Users\farja\OneDrive - Universidad Favaloro\Escritorio\Lab Programacion\Parcialito\ParcialTransporte2\Transportando\cPersona.h(16,16): error C4430: missing type specifier - int assumed. Note: C++ does not support default-int
C:\Users\farja\OneDrive - Universidad Favaloro\Escritorio\Lab Programacion\Parcialito\ParcialTransporte2\Transportando\cPersona.h(16,59): error C2238: unexpected token(s) preceding ';'
C:\Users\farja\OneDrive - Universidad Favaloro\Escritorio\Lab Programacion\Parcialito\ParcialTransporte2\Transportando\cDiscapacitado.h(8,17): error C2061: syntax error: identifier 'string'
  cDiscapacitado.cpp
C:\Users\farja\OneDrive - Universidad Favaloro\Escritorio\Lab Programacion\Parcialito\ParcialTransporte2\Transportando\cMediodeTransporte.h(15,7): error C2065: 'cPersona': undeclared identifier
C:\Users\farja\OneDrive - Universidad Favaloro\Escritorio\Lab Programacion\Parcialito\ParcialTransporte2\Transportando\cMediodeTransporte.h(15,16): error C2059: syntax error: '>'
C:\Users\farja\OneDrive - Universidad Favaloro\Escritorio\Lab Programacion\Parcialito\ParcialTransporte2\Transportando\cMediodeTransporte.h(19,23): error C2061: syntax error: identifier 'cPersona'
C:\Users\farja\OneDrive - Universidad Favaloro\Escritorio\Lab Programacion\Parcialito\ParcialTransporte2\Transportando\cMediodeTransporte.h(21,15): error C2061: syntax error: identifier 'cPersona'
C:\Users\farja\OneDrive - Universidad Favaloro\Escritorio\Lab Programacion\Parcialito\ParcialTransporte2\Transportando\cMediodeTransporte.h(23,56): error C2061: syntax error: identifier 'cPersona'
C:\Users\farja\OneDrive - Universidad Favaloro\Escritorio\Lab Programacion\Parcialito\ParcialTransporte2\Transportando\cMediodeTransporte.h(24,10): error C2143: syntax error: missing ';' before '*'
C:\Users\farja\OneDrive - Universidad Favaloro\Escritorio\Lab Programacion\Parcialito\ParcialTransporte2\Transportando\cMediodeTransporte.h(24,10): error C4430: missing type specifier - int assumed. Note: C++ does not support default-int
C:\Users\farja\OneDrive - Universidad Favaloro\Escritorio\Lab Programacion\Parcialito\ParcialTransporte2\Transportando\cMediodeTransporte.h(24,33): error C2238: unexpected token(s) preceding ';'
C:\Users\farja\OneDrive - Universidad Favaloro\Escritorio\Lab Programacion\Parcialito\ParcialTransporte2\Transportando\cMediodeTransporte.h(25,14): error C2061: syntax error: identifier 'cPersona'
C:\Users\farja\OneDrive - Universidad Favaloro\Escritorio\Lab Programacion\Parcialito\ParcialTransporte2\Transportando\cMediodeTransporte.h(26,17): error C2061: syntax error: identifier 'cPersona'
C:\Users\farja\OneDrive - Universidad Favaloro\Escritorio\Lab Programacion\Parcialito\ParcialTransporte2\Transportando\cMediodeTransporte.h(29,26): error C2061: syntax error: identifier 'cPersona'
  cMediodeTransporte.cpp
C:\Users\farja\OneDrive - Universidad Favaloro\Escritorio\Lab Programacion\Parcialito\ParcialTransporte2\Transportando\cPersona.h(6,9): error C3646: 'nombre': unknown override specifier
C:\Users\farja\OneDrive - Universidad Favaloro\Escritorio\Lab Programacion\Parcialito\ParcialTransporte2\Transportando\cPersona.h(6,15): error C4430: missing type specifier - int assumed. Note: C++ does not support default-int
C:\Users\farja\OneDrive - Universidad Favaloro\Escritorio\Lab Programacion\Parcialito\ParcialTransporte2\Transportando\cPersona.h(12,11): error C2061: syntax error: identifier 'string'
C:\Users\farja\OneDrive - Universidad Favaloro\Escritorio\Lab Programacion\Parcialito\ParcialTransporte2\Transportando\cPersona.h(13,9): error C3646: 'get_nombre': unknown override specifier
C:\Users\farja\OneDrive - Universidad Favaloro\Escritorio\Lab Programacion\Parcialito\ParcialTransporte2\Transportando\cPersona.h(13,19): error C2059: syntax error: '('
C:\Users\farja\OneDrive - Universidad Favaloro\Escritorio\Lab Programacion\Parcialito\ParcialTransporte2\Transportando\cPersona.h(13,21): error C2238: unexpected token(s) preceding ';'
C:\Users\farja\OneDrive - Universidad Favaloro\Escritorio\Lab Programacion\Parcialito\ParcialTransporte2\Transportando\cPersona.h(16,16): error C2143: syntax error: missing ';' before '&'
C:\Users\farja\OneDrive - Universidad Favaloro\Escritorio\Lab Programacion\Parcialito\ParcialTransporte2\Transportando\cPersona.h(16,16): error C2433: 'ostream': 'friend' not permitted on data declarations
C:\Users\farja\OneDrive - Universidad Favaloro\Escritorio\Lab Programacion\Parcialito\ParcialTransporte2\Transportando\cPersona.h(16,16): error C4430: missing type specifier - int assumed. Note: C++ does not support default-int
C:\Users\farja\OneDrive - Universidad Favaloro\Escritorio\Lab Programacion\Parcialito\ParcialTransporte2\Transportando\cPersona.h(16,59): error C2238: unexpected token(s) preceding ';'
C:\Users\farja\OneDrive - Universidad Favaloro\Escritorio\Lab Programacion\Parcialito\ParcialTransporte2\Transportando\cDiscapacitado.h(8,17): error C2061: syntax error: identifier 'string'
C:\Users\farja\OneDrive - Universidad Favaloro\Escritorio\Lab Programacion\Parcialito\ParcialTransporte2\Transportando\cMediodeTransporte.cpp(45,14): error C2039: 'get_nombre': is not a member of 'cPersona'
C:\Users\farja\OneDrive - Universidad Favaloro\Escritorio\Lab Programacion\Parcialito\ParcialTransporte2\Transportando\cPersona.h(3,7): message : see declaration of 'cPersona'
C:\Users\farja\OneDrive - Universidad Favaloro\Escritorio\Lab Programacion\Parcialito\ParcialTransporte2\Transportando\cMediodeTransporte.cpp(45,45): error C2039: 'get_nombre': is not a member of 'cPersona'
C:\Users\farja\OneDrive - Universidad Favaloro\Escritorio\Lab Programacion\Parcialito\ParcialTransporte2\Transportando\cPersona.h(3,7): message : see declaration of 'cPersona'
C:\Users\farja\OneDrive - Universidad Favaloro\Escritorio\Lab Programacion\Parcialito\ParcialTransporte2\Transportando\cMediodeTransporte.cpp(85,4): error C2679: binary '<<': no operator found which takes a right-hand operand of type 'cPersona' (or there is no acceptable conversion)
C:\Program Files\Microsoft Visual Studio\2022\Community\VC\Tools\MSVC\14.35.32215\include\ostream(475,39): message : could be 'std::basic_ostream<char,std::char_traits<char>> &std::basic_ostream<char,std::char_traits<char>>::operator <<(std::basic_streambuf<char,std::char_traits<char>> *)'
C:\Program Files\Microsoft Visual Studio\2022\Community\VC\Tools\MSVC\14.35.32215\include\ostream(443,39): message : or       'std::basic_ostream<char,std::char_traits<char>> &std::basic_ostream<char,std::char_traits<char>>::operator <<(const void *)'
C:\Program Files\Microsoft Visual Studio\2022\Community\VC\Tools\MSVC\14.35.32215\include\ostream(425,39): message : or       'std::basic_ostream<char,std::char_traits<char>> &std::basic_ostream<char,std::char_traits<char>>::operator <<(long double)'
C:\Program Files\Microsoft Visual Studio\2022\Community\VC\Tools\MSVC\14.35.32215\include\ostream(407,39): message : or       'std::basic_ostream<char,std::char_traits<char>> &std::basic_ostream<char,std::char_traits<char>>::operator <<(double)'
C:\Program Files\Microsoft Visual Studio\2022\Community\VC\Tools\MSVC\14.35.32215\include\ostream(389,39): message : or       'std::basic_ostream<char,std::char_traits<char>> &std::basic_ostream<char,std::char_traits<char>>::operator <<(float)'
C:\Program Files\Microsoft Visual Studio\2022\Community\VC\Tools\MSVC\14.35.32215\include\ostream(371,39): message : or       'std::basic_ostream<char,std::char_traits<char>> &std::basic_ostream<char,std::char_traits<char>>::operator <<(unsigned __int64)'
C:\Program Files\Microsoft Visual Studio\2022\Community\VC\Tools\MSVC\14.35.32215\include\ostream(353,39): message : or       'std::basic_ostream<char,std::char_traits<char>> &std::basic_ostream<char,std::char_traits<char>>::operator <<(__int64)'
C:\Program Files\Microsoft Visual Studio\2022\Community\VC\Tools\MSVC\14.35.32215\include\ostream(335,39): message : or       'std::basic_ostream<char,std::char_traits<char>> &std::basic_ostream<char,std::char_traits<char>>::operator <<(unsigned long)'
C:\Program Files\Microsoft Visual Studio\2022\Community\VC\Tools\MSVC\14.35.32215\include\ostream(317,39): message : or       'std::basic_ostream<char,std::char_traits<char>> &std::basic_ostream<char,std::char_traits<char>>::operator <<(long)'
C:\Program Files\Microsoft Visual Studio\2022\Community\VC\Tools\MSVC\14.35.32215\include\ostream(298,39): message : or       'std::basic_ostream<char,std::char_traits<char>> &std::basic_ostream<char,std::char_traits<char>>::operator <<(unsigned int)'
C:\Program Files\Microsoft Visual Studio\2022\Community\VC\Tools\MSVC\14.35.32215\include\ostream(272,39): message : or       'std::basic_ostream<char,std::char_traits<char>> &std::basic_ostream<char,std::char_traits<char>>::operator <<(int)'
C:\Program Files\Microsoft Visual Studio\2022\Community\VC\Tools\MSVC\14.35.32215\include\ostream(253,39): message : or       'std::basic_ostream<char,std::char_traits<char>> &std::basic_ostream<char,std::char_traits<char>>::operator <<(unsigned short)'
C:\Program Files\Microsoft Visual Studio\2022\Community\VC\Tools\MSVC\14.35.32215\include\ostream(219,39): message : or       'std::basic_ostream<char,std::char_traits<char>> &std::basic_ostream<char,std::char_traits<char>>::operator <<(short)'
C:\Program Files\Microsoft Visual Studio\2022\Community\VC\Tools\MSVC\14.35.32215\include\ostream(201,39): message : or       'std::basic_ostream<char,std::char_traits<char>> &std::basic_ostream<char,std::char_traits<char>>::operator <<(bool)'
C:\Program Files\Microsoft Visual Studio\2022\Community\VC\Tools\MSVC\14.35.32215\include\ostream(195,39): message : or       'std::basic_ostream<char,std::char_traits<char>> &std::basic_ostream<char,std::char_traits<char>>::operator <<(std::ios_base &(__cdecl *)(std::ios_base &))'
C:\Program Files\Microsoft Visual Studio\2022\Community\VC\Tools\MSVC\14.35.32215\include\ostream(189,39): message : or       'std::basic_ostream<char,std::char_traits<char>> &std::basic_ostream<char,std::char_traits<char>>::operator <<(std::basic_ios<char,std::char_traits<char>> &(__cdecl *)(std::basic_ios<char,std::char_traits<char>> &))'
C:\Program Files\Microsoft Visual Studio\2022\Community\VC\Tools\MSVC\14.35.32215\include\ostream(184,39): message : or       'std::basic_ostream<char,std::char_traits<char>> &std::basic_ostream<char,std::char_traits<char>>::operator <<(std::basic_ostream<char,std::char_traits<char>> &(__cdecl *)(std::basic_ostream<char,std::char_traits<char>> &))'
C:\Program Files\Microsoft Visual Studio\2022\Community\VC\Tools\MSVC\14.35.32215\include\ostream(1075,32): message : or       'std::basic_ostream<_Elem,_Traits> &std::operator <<(std::basic_ostream<_Elem,_Traits> &,const std::error_code &)'
C:\Users\farja\OneDrive - Universidad Favaloro\Escritorio\Lab Programacion\Parcialito\ParcialTransporte2\Transportando\cMediodeTransporte.cpp(85,12): message : 'initializing': cannot convert from 'cPersona' to 'const std::error_code &'
C:\Users\farja\OneDrive - Universidad Favaloro\Escritorio\Lab Programacion\Parcialito\ParcialTransporte2\Transportando\cMediodeTransporte.cpp(85,12): message : Reason: cannot convert from 'cPersona' to 'const std::error_code'
C:\Users\farja\OneDrive - Universidad Favaloro\Escritorio\Lab Programacion\Parcialito\ParcialTransporte2\Transportando\cMediodeTransporte.cpp(85,12): message : No user-defined-conversion operator available that can perform this conversion, or the operator cannot be called
C:\Program Files\Microsoft Visual Studio\2022\Community\VC\Tools\MSVC\14.35.32215\include\ostream(998,9): message : or       '_Ostr &&std::operator <<(_Ostr &&,const _Ty &)'
C:\Users\farja\OneDrive - Universidad Favaloro\Escritorio\Lab Programacion\Parcialito\ParcialTransporte2\Transportando\cMediodeTransporte.cpp(85): message : '_Ostr &&std::operator <<(_Ostr &&,const _Ty &)': could not deduce template argument for '__formal'
C:\Program Files\Microsoft Visual Studio\2022\Community\VC\Tools\MSVC\14.35.32215\include\ostream(940,31): message : or       'std::basic_ostream<char,_Traits> &std::operator <<(std::basic_ostream<char,_Traits> &,unsigned char)'
C:\Users\farja\OneDrive - Universidad Favaloro\Escritorio\Lab Programacion\Parcialito\ParcialTransporte2\Transportando\cMediodeTransporte.cpp(85,12): message : 'initializing': cannot convert from 'cPersona' to 'unsigned char'
C:\Users\farja\OneDrive - Universidad Favaloro\Escritorio\Lab Programacion\Parcialito\ParcialTransporte2\Transportando\cMediodeTransporte.cpp(85,12): message : No user-defined-conversion operator available that can perform this conversion, or the operator cannot be called
C:\Program Files\Microsoft Visual Studio\2022\Community\VC\Tools\MSVC\14.35.32215\include\ostream(934,31): message : or       'std::basic_ostream<char,_Traits> &std::operator <<(std::basic_ostream<char,_Traits> &,const unsigned char *)'
C:\Users\farja\OneDrive - Universidad Favaloro\Escritorio\Lab Programacion\Parcialito\ParcialTransporte2\Transportando\cMediodeTransporte.cpp(85,12): message : 'initializing': cannot convert from 'cPersona' to 'const unsigned char *'
C:\Users\farja\OneDrive - Universidad Favaloro\Escritorio\Lab Programacion\Parcialito\ParcialTransporte2\Transportando\cMediodeTransporte.cpp(85,12): message : No user-defined-conversion operator available that can perform this conversion, or the operator cannot be called
C:\Program Files\Microsoft Visual Studio\2022\Community\VC\Tools\MSVC\14.35.32215\include\ostream(929,31): message : or       'std::basic_ostream<char,_Traits> &std::operator <<(std::basic_ostream<char,_Traits> &,signed char)'
C:\Users\farja\OneDrive - Universidad Favaloro\Escritorio\Lab Programacion\Parcialito\ParcialTransporte2\Transportando\cMediodeTransporte.cpp(85,12): message : 'initializing': cannot convert from 'cPersona' to 'signed char'
C:\Users\farja\OneDrive - Universidad Favaloro\Escritorio\Lab Programacion\Parcialito\ParcialTransporte2\Transportando\cMediodeTransporte.cpp(85,12): message : No user-defined-conversion operator available that can perform this conversion, or the operator cannot be called
C:\Program Files\Microsoft Visual Studio\2022\Community\VC\Tools\MSVC\14.35.32215\include\ostream(923,31): message : or       'std::basic_ostream<char,_Traits> &std::operator <<(std::basic_ostream<char,_Traits> &,const signed char *)'
C:\Users\farja\OneDrive - Universidad Favaloro\Escritorio\Lab Programacion\Parcialito\ParcialTransporte2\Transportando\cMediodeTransporte.cpp(85,12): message : 'initializing': cannot convert from 'cPersona' to 'const signed char *'
C:\Users\farja\OneDrive - Universidad Favaloro\Escritorio\Lab Programacion\Parcialito\ParcialTransporte2\Transportando\cMediodeTransporte.cpp(85,12): message : No user-defined-conversion operator available that can perform this conversion, or the operator cannot be called
C:\Program Files\Microsoft Visual Studio\2022\Community\VC\Tools\MSVC\14.35.32215\include\ostream(887,32): message : or       'std::basic_ostream<_Elem,_Traits> &std::operator <<(std::basic_ostream<_Elem,_Traits> &,_Elem)'
C:\Users\farja\OneDrive - Universidad Favaloro\Escritorio\Lab Programacion\Parcialito\ParcialTransporte2\Transportando\cMediodeTransporte.cpp(85,4): message : 'std::basic_ostream<_Elem,_Traits> &std::operator <<(std::basic_ostream<_Elem,_Traits> &,_Elem)': template parameter '_Elem' is ambiguous
C:\Users\farja\OneDrive - Universidad Favaloro\Escritorio\Lab Programacion\Parcialito\ParcialTransporte2\Transportando\cMediodeTransporte.cpp(85,4): message : could be 'cPersona'
C:\Users\farja\OneDrive - Universidad Favaloro\Escritorio\Lab Programacion\Parcialito\ParcialTransporte2\Transportando\cMediodeTransporte.cpp(85,4): message : or       'char'
C:\Users\farja\OneDrive - Universidad Favaloro\Escritorio\Lab Programacion\Parcialito\ParcialTransporte2\Transportando\cMediodeTransporte.cpp(85,4): message : 'std::basic_ostream<_Elem,_Traits> &std::operator <<(std::basic_ostream<_Elem,_Traits> &,_Elem)': could not deduce template argument for '_Elem' from 'cPersona'
C:\Program Files\Microsoft Visual Studio\2022\Community\VC\Tools\MSVC\14.35.32215\include\ostream(844,32): message : or       'std::basic_ostream<_Elem,_Traits> &std::operator <<(std::basic_ostream<_Elem,_Traits> &,const _Elem *)'
C:\Users\farja\OneDrive - Universidad Favaloro\Escritorio\Lab Programacion\Parcialito\ParcialTransporte2\Transportando\cMediodeTransporte.cpp(85,4): message : 'std::basic_ostream<_Elem,_Traits> &std::operator <<(std::basic_ostream<_Elem,_Traits> &,const _Elem *)': could not deduce template argument for 'const _Elem *' from 'cPersona'
C:\Program Files\Microsoft Visual Studio\2022\Community\VC\Tools\MSVC\14.35.32215\include\ostream(806,31): message : or       'std::basic_ostream<char,_Traits> &std::operator <<(std::basic_ostream<char,_Traits> &,char)'
C:\Users\farja\OneDrive - Universidad Favaloro\Escritorio\Lab Programacion\Parcialito\ParcialTransporte2\Transportando\cMediodeTransporte.cpp(85,12): message : 'initializing': cannot convert from 'cPersona' to 'char'
C:\Users\farja\OneDrive - Universidad Favaloro\Escritorio\Lab Programacion\Parcialito\ParcialTransporte2\Transportando\cMediodeTransporte.cpp(85,12): message : No user-defined-conversion operator available that can perform this conversion, or the operator cannot be called
C:\Program Files\Microsoft Visual Studio\2022\Community\VC\Tools\MSVC\14.35.32215\include\ostream(761,31): message : or       'std::basic_ostream<char,_Traits> &std::operator <<(std::basic_ostream<char,_Traits> &,const char *)'
C:\Users\farja\OneDrive - Universidad Favaloro\Escritorio\Lab Programacion\Parcialito\ParcialTransporte2\Transportando\cMediodeTransporte.cpp(85,12): message : 'initializing': cannot convert from 'cPersona' to 'const char *'
C:\Users\farja\OneDrive - Universidad Favaloro\Escritorio\Lab Programacion\Parcialito\ParcialTransporte2\Transportando\cMediodeTransporte.cpp(85,12): message : No user-defined-conversion operator available that can perform this conversion, or the operator cannot be called
C:\Program Files\Microsoft Visual Studio\2022\Community\VC\Tools\MSVC\14.35.32215\include\ostream(725,32): message : or       'std::basic_ostream<_Elem,_Traits> &std::operator <<(std::basic_ostream<_Elem,_Traits> &,char)'
C:\Users\farja\OneDrive - Universidad Favaloro\Escritorio\Lab Programacion\Parcialito\ParcialTransporte2\Transportando\cMediodeTransporte.cpp(85,12): message : 'initializing': cannot convert from 'cPersona' to 'char'
C:\Users\farja\OneDrive - Universidad Favaloro\Escritorio\Lab Programacion\Parcialito\ParcialTransporte2\Transportando\cMediodeTransporte.cpp(85,12): message : No user-defined-conversion operator available that can perform this conversion, or the operator cannot be called
C:\Program Files\Microsoft Visual Studio\2022\Community\VC\Tools\MSVC\14.35.32215\include\ostream(681,32): message : or       'std::basic_ostream<_Elem,_Traits> &std::operator <<(std::basic_ostream<_Elem,_Traits> &,const char *)'
C:\Users\farja\OneDrive - Universidad Favaloro\Escritorio\Lab Programacion\Parcialito\ParcialTransporte2\Transportando\cMediodeTransporte.cpp(85,12): message : 'initializing': cannot convert from 'cPersona' to 'const char *'
C:\Users\farja\OneDrive - Universidad Favaloro\Escritorio\Lab Programacion\Parcialito\ParcialTransporte2\Transportando\cMediodeTransporte.cpp(85,12): message : No user-defined-conversion operator available that can perform this conversion, or the operator cannot be called
C:\Program Files\Microsoft Visual Studio\2022\Community\VC\Tools\MSVC\14.35.32215\include\memory(3557,32): message : or       'std::basic_ostream<_Elem,_Traits> &std::operator <<(std::basic_ostream<_Elem,_Traits> &,const std::unique_ptr<_Ty2,_Dx2> &)'
C:\Users\farja\OneDrive - Universidad Favaloro\Escritorio\Lab Programacion\Parcialito\ParcialTransporte2\Transportando\cMediodeTransporte.cpp(85,4): message : 'std::basic_ostream<_Elem,_Traits> &std::operator <<(std::basic_ostream<_Elem,_Traits> &,const std::unique_ptr<_Ty2,_Dx2> &)': could not deduce template argument for 'const std::unique_ptr<_Ty2,_Dx2> &' from 'cPersona'
C:\Program Files\Microsoft Visual Studio\2022\Community\VC\Tools\MSVC\14.35.32215\include\memory(1875,32): message : or       'std::basic_ostream<_Elem,_Traits> &std::operator <<(std::basic_ostream<_Elem,_Traits> &,const std::shared_ptr<_Ty> &)'
C:\Users\farja\OneDrive - Universidad Favaloro\Escritorio\Lab Programacion\Parcialito\ParcialTransporte2\Transportando\cMediodeTransporte.cpp(85,4): message : 'std::basic_ostream<_Elem,_Traits> &std::operator <<(std::basic_ostream<_Elem,_Traits> &,const std::shared_ptr<_Ty> &)': could not deduce template argument for 'const std::shared_ptr<_Ty> &' from 'cPersona'
C:\Program Files\Microsoft Visual Studio\2022\Community\VC\Tools\MSVC\14.35.32215\include\xstring(5366,32): message : or       'std::basic_ostream<_Elem,_Traits> &std::operator <<(std::basic_ostream<_Elem,_Traits> &,const std::basic_string<_Elem,_Traits,_Alloc> &)'
C:\Users\farja\OneDrive - Universidad Favaloro\Escritorio\Lab Programacion\Parcialito\ParcialTransporte2\Transportando\cMediodeTransporte.cpp(85,4): message : 'std::basic_ostream<_Elem,_Traits> &std::operator <<(std::basic_ostream<_Elem,_Traits> &,const std::basic_string<_Elem,_Traits,_Alloc> &)': could not deduce template argument for 'const std::basic_string<_Elem,_Traits,_Alloc> &' from 'cPersona'
C:\Users\farja\OneDrive - Universidad Favaloro\Escritorio\Lab Programacion\Parcialito\ParcialTransporte2\Transportando\cMediodeTransporte.cpp(85,4): message : while trying to match the argument list '(std::ostream, cPersona)'
C:\Users\farja\OneDrive - Universidad Favaloro\Escritorio\Lab Programacion\Parcialito\ParcialTransporte2\Transportando\cMediodeTransporte.cpp(110,14): warning C4305: 'return': truncation from 'double' to 'float'
  cPersona.cpp
C:\Users\farja\OneDrive - Universidad Favaloro\Escritorio\Lab Programacion\Parcialito\ParcialTransporte2\Transportando\cDiscapacitado.h(4,1): error C2504: 'cPersona': base class undefined
C:\Users\farja\OneDrive - Universidad Favaloro\Escritorio\Lab Programacion\Parcialito\ParcialTransporte2\Transportando\cDiscapacitado.h(8,17): error C2061: syntax error: identifier 'string'
C:\Users\farja\OneDrive - Universidad Favaloro\Escritorio\Lab Programacion\Parcialito\ParcialTransporte2\Transportando\cMediodeTransporte.h(15,7): error C2065: 'cPersona': undeclared identifier
C:\Users\farja\OneDrive - Universidad Favaloro\Escritorio\Lab Programacion\Parcialito\ParcialTransporte2\Transportando\cMediodeTransporte.h(15,16): error C2059: syntax error: '>'
C:\Users\farja\OneDrive - Universidad Favaloro\Escritorio\Lab Programacion\Parcialito\ParcialTransporte2\Transportando\cMediodeTransporte.h(19,23): error C2061: syntax error: identifier 'cPersona'
C:\Users\farja\OneDrive - Universidad Favaloro\Escritorio\Lab Programacion\Parcialito\ParcialTransporte2\Transportando\cMediodeTransporte.h(21,15): error C2061: syntax error: identifier 'cPersona'
C:\Users\farja\OneDrive - Universidad Favaloro\Escritorio\Lab Programacion\Parcialito\ParcialTransporte2\Transportando\cMediodeTransporte.h(23,56): error C2061: syntax error: identifier 'cPersona'
C:\Users\farja\OneDrive - Universidad Favaloro\Escritorio\Lab Programacion\Parcialito\ParcialTransporte2\Transportando\cMediodeTransporte.h(24,10): error C2143: syntax error: missing ';' before '*'
C:\Users\farja\OneDrive - Universidad Favaloro\Escritorio\Lab Programacion\Parcialito\ParcialTransporte2\Transportando\cMediodeTransporte.h(24,10): error C4430: missing type specifier - int assumed. Note: C++ does not support default-int
C:\Users\farja\OneDrive - Universidad Favaloro\Escritorio\Lab Programacion\Parcialito\ParcialTransporte2\Transportando\cMediodeTransporte.h(24,33): error C2238: unexpected token(s) preceding ';'
C:\Users\farja\OneDrive - Universidad Favaloro\Escritorio\Lab Programacion\Parcialito\ParcialTransporte2\Transportando\cMediodeTransporte.h(25,14): error C2061: syntax error: identifier 'cPersona'
C:\Users\farja\OneDrive - Universidad Favaloro\Escritorio\Lab Programacion\Parcialito\ParcialTransporte2\Transportando\cMediodeTransporte.h(26,17): error C2061: syntax error: identifier 'cPersona'
C:\Users\farja\OneDrive - Universidad Favaloro\Escritorio\Lab Programacion\Parcialito\ParcialTransporte2\Transportando\cMediodeTransporte.h(29,26): error C2061: syntax error: identifier 'cPersona'
  cSubte.cpp
C:\Users\farja\OneDrive - Universidad Favaloro\Escritorio\Lab Programacion\Parcialito\ParcialTransporte2\Transportando\cPersona.h(6,9): error C3646: 'nombre': unknown override specifier
C:\Users\farja\OneDrive - Universidad Favaloro\Escritorio\Lab Programacion\Parcialito\ParcialTransporte2\Transportando\cPersona.h(6,15): error C4430: missing type specifier - int assumed. Note: C++ does not support default-int
C:\Users\farja\OneDrive - Universidad Favaloro\Escritorio\Lab Programacion\Parcialito\ParcialTransporte2\Transportando\cPersona.h(12,11): error C2061: syntax error: identifier 'string'
C:\Users\farja\OneDrive - Universidad Favaloro\Escritorio\Lab Programacion\Parcialito\ParcialTransporte2\Transportando\cPersona.h(13,9): error C3646: 'get_nombre': unknown override specifier
C:\Users\farja\OneDrive - Universidad Favaloro\Escritorio\Lab Programacion\Parcialito\ParcialTransporte2\Transportando\cPersona.h(13,19): error C2059: syntax error: '('
C:\Users\farja\OneDrive - Universidad Favaloro\Escritorio\Lab Programacion\Parcialito\ParcialTransporte2\Transportando\cPersona.h(13,21): error C2238: unexpected token(s) preceding ';'
C:\Users\farja\OneDrive - Universidad Favaloro\Escritorio\Lab Programacion\Parcialito\ParcialTransporte2\Transportando\cPersona.h(16,16): error C2143: syntax error: missing ';' before '&'
C:\Users\farja\OneDrive - Universidad Favaloro\Escritorio\Lab Programacion\Parcialito\ParcialTransporte2\Transportando\cPersona.h(16,16): error C2433: 'ostream': 'friend' not permitted on data declarations
C:\Users\farja\OneDrive - Universidad Favaloro\Escritorio\Lab Programacion\Parcialito\ParcialTransporte2\Transportando\cPersona.h(16,16): error C4430: missing type specifier - int assumed. Note: C++ does not support default-int
C:\Users\farja\OneDrive - Universidad Favaloro\Escritorio\Lab Programacion\Parcialito\ParcialTransporte2\Transportando\cPersona.h(16,59): error C2238: unexpected token(s) preceding ';'
C:\Users\farja\OneDrive - Universidad Favaloro\Escritorio\Lab Programacion\Parcialito\ParcialTransporte2\Transportando\cDiscapacitado.h(8,17): error C2061: syntax error: identifier 'string'
  Transportando.cpp
C:\Users\farja\OneDrive - Universidad Favaloro\Escritorio\Lab Programacion\Parcialito\ParcialTransporte2\Transportando\Transportando.cpp(3,6): error C2182: '+': this use of 'void' is not valid
C:\Users\farja\OneDrive - Universidad Favaloro\Escritorio\Lab Programacion\Parcialito\ParcialTransporte2\Transportando\Transportando.cpp(3,34): error C2473: 'operator +': looks like a function definition, but there is no parameter list.
C:\Users\farja\OneDrive - Universidad Favaloro\Escritorio\Lab Programacion\Parcialito\ParcialTransporte2\Transportando\Transportando.cpp(3,16): error C2065: 'cMediodeTransporte': undeclared identifier
C:\Users\farja\OneDrive - Universidad Favaloro\Escritorio\Lab Programacion\Parcialito\ParcialTransporte2\Transportando\Transportando.cpp(3,36): error C2065: 'Transporte': undeclared identifier
C:\Users\farja\OneDrive - Universidad Favaloro\Escritorio\Lab Programacion\Parcialito\ParcialTransporte2\Transportando\Transportando.cpp(3,48): error C2065: 'cPersona': undeclared identifier
C:\Users\farja\OneDrive - Universidad Favaloro\Escritorio\Lab Programacion\Parcialito\ParcialTransporte2\Transportando\Transportando.cpp(3,58): error C2065: 'Persona1': undeclared identifier
C:\Users\farja\OneDrive - Universidad Favaloro\Escritorio\Lab Programacion\Parcialito\ParcialTransporte2\Transportando\Transportando.cpp(4,1): error C2143: syntax error: missing ';' before '{'
C:\Users\farja\OneDrive - Universidad Favaloro\Escritorio\Lab Programacion\Parcialito\ParcialTransporte2\Transportando\Transportando.cpp(5,5): error C3927: '->': trailing return type is not allowed after a non-function declarator
C:\Users\farja\OneDrive - Universidad Favaloro\Escritorio\Lab Programacion\Parcialito\ParcialTransporte2\Transportando\Transportando.cpp(5,15): error C3484: syntax error: expected '->' before the return type
C:\Users\farja\OneDrive - Universidad Favaloro\Escritorio\Lab Programacion\Parcialito\ParcialTransporte2\Transportando\Transportando.cpp(5,16): error C3613: missing return type after '->' ('int' assumed)
C:\Users\farja\OneDrive - Universidad Favaloro\Escritorio\Lab Programacion\Parcialito\ParcialTransporte2\Transportando\Transportando.cpp(5,23): error C4430: missing type specifier - int assumed. Note: C++ does not support default-int
C:\Users\farja\OneDrive - Universidad Favaloro\Escritorio\Lab Programacion\Parcialito\ParcialTransporte2\Transportando\Transportando.cpp(5,16): error C2146: syntax error: missing ';' before identifier 'Agregar'
C:\Users\farja\OneDrive - Universidad Favaloro\Escritorio\Lab Programacion\Parcialito\ParcialTransporte2\Transportando\Transportando.cpp(6,1): error C2059: syntax error: '}'
C:\Users\farja\OneDrive - Universidad Favaloro\Escritorio\Lab Programacion\Parcialito\ParcialTransporte2\Transportando\Transportando.cpp(6,1): error C2143: syntax error: missing ';' before '}'
C:\Users\farja\OneDrive - Universidad Favaloro\Escritorio\Lab Programacion\Parcialito\ParcialTransporte2\Transportando\Transportando.cpp(8,1): error C2143: syntax error: missing ';' before '{'
C:\Users\farja\OneDrive - Universidad Favaloro\Escritorio\Lab Programacion\Parcialito\ParcialTransporte2\Transportando\Transportando.cpp(8,1): error C2447: '{': missing function header (old-style formal list?)
C:\Users\farja\OneDrive - Universidad Favaloro\Escritorio\Lab Programacion\Parcialito\ParcialTransporte2\Transportando\cPersona.h(6,9): error C3646: 'nombre': unknown override specifier
C:\Users\farja\OneDrive - Universidad Favaloro\Escritorio\Lab Programacion\Parcialito\ParcialTransporte2\Transportando\cPersona.h(6,15): error C4430: missing type specifier - int assumed. Note: C++ does not support default-int
C:\Users\farja\OneDrive - Universidad Favaloro\Escritorio\Lab Programacion\Parcialito\ParcialTransporte2\Transportando\cPersona.h(12,11): error C2061: syntax error: identifier 'string'
C:\Users\farja\OneDrive - Universidad Favaloro\Escritorio\Lab Programacion\Parcialito\ParcialTransporte2\Transportando\cPersona.h(13,9): error C3646: 'get_nombre': unknown override specifier
C:\Users\farja\OneDrive - Universidad Favaloro\Escritorio\Lab Programacion\Parcialito\ParcialTransporte2\Transportando\cPersona.h(13,19): error C2059: syntax error: '('
C:\Users\farja\OneDrive - Universidad Favaloro\Escritorio\Lab Programacion\Parcialito\ParcialTransporte2\Transportando\cPersona.h(13,21): error C2238: unexpected token(s) preceding ';'
C:\Users\farja\OneDrive - Universidad Favaloro\Escritorio\Lab Programacion\Parcialito\ParcialTransporte2\Transportando\cPersona.h(16,16): error C2143: syntax error: missing ';' before '&'
C:\Users\farja\OneDrive - Universidad Favaloro\Escritorio\Lab Programacion\Parcialito\ParcialTransporte2\Transportando\cPersona.h(16,16): error C2433: 'ostream': 'friend' not permitted on data declarations
C:\Users\farja\OneDrive - Universidad Favaloro\Escritorio\Lab Programacion\Parcialito\ParcialTransporte2\Transportando\cPersona.h(16,16): error C4430: missing type specifier - int assumed. Note: C++ does not support default-int
C:\Users\farja\OneDrive - Universidad Favaloro\Escritorio\Lab Programacion\Parcialito\ParcialTransporte2\Transportando\cPersona.h(16,59): error C2238: unexpected token(s) preceding ';'
C:\Users\farja\OneDrive - Universidad Favaloro\Escritorio\Lab Programacion\Parcialito\ParcialTransporte2\Transportando\cDiscapacitado.h(8,17): error C2061: syntax error: identifier 'string'
C:\Users\farja\OneDrive - Universidad Favaloro\Escritorio\Lab Programacion\Parcialito\ParcialTransporte2\Transportando\cMediodeTransporte.h(23,14): error C2365: '+': redefinition; previous definition was 'data variable'
C:\Users\farja\OneDrive - Universidad Favaloro\Escritorio\Lab Programacion\Parcialito\ParcialTransporte2\Transportando\Transportando.cpp(3,6): message : see declaration of '+'
C:\Users\farja\OneDrive - Universidad Favaloro\Escritorio\Lab Programacion\Parcialito\ParcialTransporte2\Transportando\Transportando.cpp(24,37): error C2661: 'cPersona::cPersona': no overloaded function takes 3 arguments
C:\Users\farja\OneDrive - Universidad Favaloro\Escritorio\Lab Programacion\Parcialito\ParcialTransporte2\Transportando\Transportando.cpp(24,37): message : while trying to match the argument list '(const char [7], int, int)'
C:\Users\farja\OneDrive - Universidad Favaloro\Escritorio\Lab Programacion\Parcialito\ParcialTransporte2\Transportando\Transportando.cpp(25,43): error C2661: 'cDiscapacitado::cDiscapacitado': no overloaded function takes 3 arguments
C:\Users\farja\OneDrive - Universidad Favaloro\Escritorio\Lab Programacion\Parcialito\ParcialTransporte2\Transportando\Transportando.cpp(25,43): message : while trying to match the argument list '(const char [8], int, int)'
C:\Users\farja\OneDrive - Universidad Favaloro\Escritorio\Lab Programacion\Parcialito\ParcialTransporte2\Transportando\Transportando.cpp(27,23): error C2872: '+': ambiguous symbol
C:\Users\farja\OneDrive - Universidad Favaloro\Escritorio\Lab Programacion\Parcialito\ParcialTransporte2\Transportando\Transportando.cpp(3,6): message : could be 'int +'
C:\Users\farja\OneDrive - Universidad Favaloro\Escritorio\Lab Programacion\Parcialito\ParcialTransporte2\Transportando\Transportando.cpp(27,23): message : or       '+'
C:\Users\farja\OneDrive - Universidad Favaloro\Escritorio\Lab Programacion\Parcialito\ParcialTransporte2\Transportando\Transportando.cpp(27,23): fatal  error C1903: unable to recover from previous error(s); stopping compilation
  Generating Code...
